<?xml version="1.0" encoding="UTF-8"?>
<testsuite name="Country Info SoapUI.Country TS1" tests="9" failures="0" errors="0" time="2.738"><properties><property name="java.specification.version" value="21"/><property name="sun.cpu.isalist" value="amd64"/><property name="sun.jnu.encoding" value="Cp1252"/><property name="java.class.path" value="C:\Users\dwija\eclipse-workspace\SOAPUI API testing1\bin;C:\Program Files\SmartBear\SoapUI-5.7.2\lib\accessors-smart-1.2.jar;C:\Program Files\SmartBear\SoapUI-5.7.2\lib\activation-1.1.jar;C:\Program Files\SmartBear\SoapUI-5.7.2\lib\analytics-3.5.1.jar;C:\Program Files\SmartBear\SoapUI-5.7.2\lib\analytics-core-3.5.1.jar;C:\Program Files\SmartBear\SoapUI-5.7.2\lib\animal-sniffer-annotations-1.11.jar;C:\Program Files\SmartBear\SoapUI-5.7.2\lib\annotations-13.0.jar;C:\Program Files\SmartBear\SoapUI-5.7.2\lib\ant-1.10.12.jar;C:\Program Files\SmartBear\SoapUI-5.7.2\lib\ant-antlr-1.10.12.jar;C:\Program Files\SmartBear\SoapUI-5.7.2\lib\ant-junit-1.10.12.jar;C:\Program Files\SmartBear\SoapUI-5.7.2\lib\ant-launcher-1.10.12.jar;C:\Program Files\SmartBear\SoapUI-5.7.2\lib\aopalliance-repackaged-2.6.1.jar;C:\Program Files\SmartBear\SoapUI-5.7.2\lib\auto-value-annotations-1.10.1.jar;C:\Program Files\SmartBear\SoapUI-5.7.2\lib\backo-1.0.0.jar;C:\Program Files\SmartBear\SoapUI-5.7.2\lib\bcprov-jdk15on-1.64.jar;C:\Program Files\SmartBear\SoapUI-5.7.2\lib\binding-2.0.1.jar;C:\Program Files\SmartBear\SoapUI-5.7.2\lib\btf-1.2.jar;C:\Program Files\SmartBear\SoapUI-5.7.2\lib\cal10n-api-0.8.1.jar;C:\Program Files\SmartBear\SoapUI-5.7.2\lib\commons-beanutils-1.9.4.jar;C:\Program Files\SmartBear\SoapUI-5.7.2\lib\commons-cli-1.2.jar;C:\Program Files\SmartBear\SoapUI-5.7.2\lib\commons-codec-1.10.jar;C:\Program Files\SmartBear\SoapUI-5.7.2\lib\commons-collections-3.2.2.jar;C:\Program Files\SmartBear\SoapUI-5.7.2\lib\commons-csv-1.1.jar;C:\Program Files\SmartBear\SoapUI-5.7.2\lib\commons-fileupload-1.4.jar;C:\Program Files\SmartBear\SoapUI-5.7.2\lib\commons-httpclient-3.1.jar;C:\Program Files\SmartBear\SoapUI-5.7.2\lib\commons-io-2.4.jar;C:\Program Files\SmartBear\SoapUI-5.7.2\lib\commons-lang-2.4.jar;C:\Program Files\SmartBear\SoapUI-5.7.2\lib\commons-lang3-3.4.jar;C:\Program Files\SmartBear\SoapUI-5.7.2\lib\commons-logging-1.1.1.jar;C:\Program Files\SmartBear\SoapUI-5.7.2\lib\converter-gson-2.9.0.jar;C:\Program Files\SmartBear\SoapUI-5.7.2\lib\cssparser-0.9.5.jar;C:\Program Files\SmartBear\SoapUI-5.7.2\lib\dom4j-1.6.1.jar;C:\Program Files\SmartBear\SoapUI-5.7.2\lib\ezmorph-1.0.5.jar;C:\Program Files\SmartBear\SoapUI-5.7.2\lib\FastInfoset-1.2.16.jar;C:\Program Files\SmartBear\SoapUI-5.7.2\lib\flex-messaging-common-1.0.jar;C:\Program Files\SmartBear\SoapUI-5.7.2\lib\flex-messaging-core-1.0.jar;C:\Program Files\SmartBear\SoapUI-5.7.2\lib\flex-messaging-opt-1.0.jar;C:\Program Files\SmartBear\SoapUI-5.7.2\lib\flex-messaging-proxy-1.0.jar;C:\Program Files\SmartBear\SoapUI-5.7.2\lib\flex-messaging-remoting-1.0.jar;C:\Program Files\SmartBear\SoapUI-5.7.2\lib\forms-1.0.7.jar;C:\Program Files\SmartBear\SoapUI-5.7.2\lib\google-http-client-1.21.0.jar;C:\Program Files\SmartBear\SoapUI-5.7.2\lib\google-oauth-client-1.21.0.jar;C:\Program Files\SmartBear\SoapUI-5.7.2\lib\graphql-java-22.3.jar;C:\Program Files\SmartBear\SoapUI-5.7.2\lib\groovy-3.0.19.jar;C:\Program Files\SmartBear\SoapUI-5.7.2\lib\groovy-ant-3.0.19.jar;C:\Program Files\SmartBear\SoapUI-5.7.2\lib\groovy-astbuilder-3.0.19.jar;C:\Program Files\SmartBear\SoapUI-5.7.2\lib\groovy-cli-picocli-3.0.19.jar;C:\Program Files\SmartBear\SoapUI-5.7.2\lib\groovy-console-3.0.19.jar;C:\Program Files\SmartBear\SoapUI-5.7.2\lib\groovy-datetime-3.0.19.jar;C:\Program Files\SmartBear\SoapUI-5.7.2\lib\groovy-dateutil-3.0.19.jar;C:\Program Files\SmartBear\SoapUI-5.7.2\lib\groovy-docgenerator-3.0.19.jar;C:\Program Files\SmartBear\SoapUI-5.7.2\lib\groovy-groovydoc-3.0.19.jar;C:\Program Files\SmartBear\SoapUI-5.7.2\lib\groovy-groovysh-3.0.19.jar;C:\Program Files\SmartBear\SoapUI-5.7.2\lib\groovy-jmx-3.0.19.jar;C:\Program Files\SmartBear\SoapUI-5.7.2\lib\groovy-json-3.0.19.jar;C:\Program Files\SmartBear\SoapUI-5.7.2\lib\groovy-jsr223-3.0.19.jar;C:\Program Files\SmartBear\SoapUI-5.7.2\lib\groovy-macro-3.0.19.jar;C:\Program Files\SmartBear\SoapUI-5.7.2\lib\groovy-nio-3.0.19.jar;C:\Program Files\SmartBear\SoapUI-5.7.2\lib\groovy-servlet-3.0.19.jar;C:\Program Files\SmartBear\SoapUI-5.7.2\lib\groovy-sql-3.0.19.jar;C:\Program Files\SmartBear\SoapUI-5.7.2\lib\groovy-swing-3.0.19.jar;C:\Program Files\SmartBear\SoapUI-5.7.2\lib\groovy-templates-3.0.19.jar;C:\Program Files\SmartBear\SoapUI-5.7.2\lib\groovy-test-3.0.19.jar;C:\Program Files\SmartBear\SoapUI-5.7.2\lib\groovy-test-junit5-3.0.19.jar;C:\Program Files\SmartBear\SoapUI-5.7.2\lib\groovy-testng-3.0.19.jar;C:\Program Files\SmartBear\SoapUI-5.7.2\lib\groovy-xml-3.0.19.jar;C:\Program Files\SmartBear\SoapUI-5.7.2\lib\gson-2.9.1.jar;C:\Program Files\SmartBear\SoapUI-5.7.2\lib\guava-14.0.jar;C:\Program Files\SmartBear\SoapUI-5.7.2\lib\hamcrest-core-1.3.jar;C:\Program Files\SmartBear\SoapUI-5.7.2\lib\hermes-1.14.jar;C:\Program Files\SmartBear\SoapUI-5.7.2\lib\hk2-api-2.6.1.jar;C:\Program Files\SmartBear\SoapUI-5.7.2\lib\hk2-locator-2.6.1.jar;C:\Program Files\SmartBear\SoapUI-5.7.2\lib\hk2-utils-2.6.1.jar;C:\Program Files\SmartBear\SoapUI-5.7.2\lib\htmlunit-2.7.jar;C:\Program Files\SmartBear\SoapUI-5.7.2\lib\htmlunit-core-js-2.7.jar;C:\Program Files\SmartBear\SoapUI-5.7.2\lib\httpclient-4.5.5.jar;C:\Program Files\SmartBear\SoapUI-5.7.2\lib\httpclient-cache-4.5.5.jar;C:\Program Files\SmartBear\SoapUI-5.7.2\lib\httpcore-4.4.9.jar;C:\Program Files\SmartBear\SoapUI-5.7.2\lib\httpcore-nio-4.4.9.jar;C:\Program Files\SmartBear\SoapUI-5.7.2\lib\httpmime-4.5.5.jar;C:\Program Files\SmartBear\SoapUI-5.7.2\lib\i4jruntime-5.1.14.jar;C:\Program Files\SmartBear\SoapUI-5.7.2\lib\istack-commons-runtime-3.0.8.jar;C:\Program Files\SmartBear\SoapUI-5.7.2\lib\jackson-annotations-2.13.0.jar;C:\Program Files\SmartBear\SoapUI-5.7.2\lib\jackson-core-2.13.0.jar;C:\Program Files\SmartBear\SoapUI-5.7.2\lib\jackson-coreutils-1.8.jar;C:\Program Files\SmartBear\SoapUI-5.7.2\lib\jackson-databind-2.13.0.jar;C:\Program Files\SmartBear\SoapUI-5.7.2\lib\jackson-dataformat-xml-2.10.1.jar;C:\Program Files\SmartBear\SoapUI-5.7.2\lib\jackson-dataformat-yaml-2.11.1.jar;C:\Program Files\SmartBear\SoapUI-5.7.2\lib\jackson-datatype-joda-2.10.1.jar;C:\Program Files\SmartBear\SoapUI-5.7.2\lib\jackson-jaxrs-base-2.10.1.jar;C:\Program Files\SmartBear\SoapUI-5.7.2\lib\jackson-jaxrs-json-provider-2.10.1.jar;C:\Program Files\SmartBear\SoapUI-5.7.2\lib\jackson-jaxrs-xml-provider-2.10.1.jar;C:\Program Files\SmartBear\SoapUI-5.7.2\lib\jackson-module-jaxb-annotations-2.10.1.jar;C:\Program Files\SmartBear\SoapUI-5.7.2\lib\jakarta.activation-1.2.1.jar;C:\Program Files\SmartBear\SoapUI-5.7.2\lib\jakarta.activation-api-1.2.1.jar;C:\Program Files\SmartBear\SoapUI-5.7.2\lib\jakarta.annotation-api-1.3.5.jar;C:\Program Files\SmartBear\SoapUI-5.7.2\lib\jakarta.inject-2.6.1.jar;C:\Program Files\SmartBear\SoapUI-5.7.2\lib\jakarta.validation-api-2.0.2.jar;C:\Program Files\SmartBear\SoapUI-5.7.2\lib\jakarta.ws.rs-api-2.1.6.jar;C:\Program Files\SmartBear\SoapUI-5.7.2\lib\jakarta.xml.bind-api-2.3.2.jar;C:\Program Files\SmartBear\SoapUI-5.7.2\lib\java-dataloader-3.3.0.jar;C:\Program Files\SmartBear\SoapUI-5.7.2\lib\javafx-base-17.0.12.jar;C:\Program Files\SmartBear\SoapUI-5.7.2\lib\javafx-base-17.0.12-win.jar;C:\Program Files\SmartBear\SoapUI-5.7.2\lib\javafx-controls-17.0.12.jar;C:\Program Files\SmartBear\SoapUI-5.7.2\lib\javafx-controls-17.0.12-win.jar;C:\Program Files\SmartBear\SoapUI-5.7.2\lib\javafx-graphics-17.0.12.jar;C:\Program Files\SmartBear\SoapUI-5.7.2\lib\javafx-graphics-17.0.12-win.jar;C:\Program Files\SmartBear\SoapUI-5.7.2\lib\javafx-media-17.0.12.jar;C:\Program Files\SmartBear\SoapUI-5.7.2\lib\javafx-media-17.0.12-win.jar;C:\Program Files\SmartBear\SoapUI-5.7.2\lib\javafx-swing-17.0.12-win.jar;C:\Program Files\SmartBear\SoapUI-5.7.2\lib\javafx-web-17.0.12-win.jar;C:\Program Files\SmartBear\SoapUI-5.7.2\lib\javaparser-core-3.25.4.jar;C:\Program Files\SmartBear\SoapUI-5.7.2\lib\javassist-3.16.1-GA.jar;C:\Program Files\SmartBear\SoapUI-5.7.2\lib\txw2-2.3.2.jar;C:\Program Files\SmartBear\SoapUI-5.7.2\lib\stax-ex-1.8.1.jar;C:\Program Files\SmartBear\SoapUI-5.7.2\lib\jaxb-runtime-2.3.2.jar;C:\Program Files\SmartBear\SoapUI-5.7.2\lib\jaxen-1.1-beta-8.jar;C:\Program Files\SmartBear\SoapUI-5.7.2\lib\jcifs-1.2.9.jar;C:\Program Files\SmartBear\SoapUI-5.7.2\lib\jcommander-1.78.jar;C:\Program Files\SmartBear\SoapUI-5.7.2\lib\jdom-1.0.jar;C:\Program Files\SmartBear\SoapUI-5.7.2\lib\jersey-client-2.29.1.jar;C:\Program Files\SmartBear\SoapUI-5.7.2\lib\jersey-common-2.29.1.jar;C:\Program Files\SmartBear\SoapUI-5.7.2\lib\jersey-container-servlet-core-2.29.1.jar;C:\Program Files\SmartBear\SoapUI-5.7.2\lib\jersey-hk2-2.29.1.jar;C:\Program Files\SmartBear\SoapUI-5.7.2\lib\jersey-media-jaxb-2.29.1.jar;C:\Program Files\SmartBear\SoapUI-5.7.2\lib\jersey-media-multipart-2.29.1.jar;C:\Program Files\SmartBear\SoapUI-5.7.2\lib\jersey-server-2.29.1.jar;C:\Program Files\SmartBear\SoapUI-5.7.2\lib\jettison-1.2.jar;C:\Program Files\SmartBear\SoapUI-5.7.2\lib\jetty-6.1.26.jar;C:\Program Files\SmartBear\SoapUI-5.7.2\lib\jetty-util-6.1.26.jar;C:\Program Files\SmartBear\SoapUI-5.7.2\lib\jline-2.14.6.jar;C:\Program Files\SmartBear\SoapUI-5.7.2\lib\jms-1.1.jar;C:\Program Files\SmartBear\SoapUI-5.7.2\lib\joda-time-2.9.9.jar;C:\Program Files\SmartBear\SoapUI-5.7.2\lib\jopt-simple-5.0.3.jar;C:\Program Files\SmartBear\SoapUI-5.7.2\lib\jquery-3.5.1.jar;C:\Program Files\SmartBear\SoapUI-5.7.2\lib\js-1.7R2.jar;C:\Program Files\SmartBear\SoapUI-5.7.2\lib\json-20090211.jar;C:\Program Files\SmartBear\SoapUI-5.7.2\lib\json-lib-2.2.2-jdk15.jar;C:\Program Files\SmartBear\SoapUI-5.7.2\lib\json-path-2.4.0-fixed.jar;C:\Program Files\SmartBear\SoapUI-5.7.2\lib\json-schema-core-1.2.8.jar;C:\Program Files\SmartBear\SoapUI-5.7.2\lib\json-schema-validator-2.2.8.jar;C:\Program Files\SmartBear\SoapUI-5.7.2\lib\json-smart-2.3.jar;C:\Program Files\SmartBear\SoapUI-5.7.2\lib\jsr173_api-1.0.jar;C:\Program Files\SmartBear\SoapUI-5.7.2\lib\jsr305-1.3.9.jar;C:\Program Files\SmartBear\SoapUI-5.7.2\lib\jtidy-r872-jdk15.jar;C:\Program Files\SmartBear\SoapUI-5.7.2\lib\junit-4.13.1.jar;C:\Program Files\SmartBear\SoapUI-5.7.2\lib\junit-jupiter-api-5.9.2.jar;C:\Program Files\SmartBear\SoapUI-5.7.2\lib\junit-jupiter-engine-5.9.2.jar;C:\Program Files\SmartBear\SoapUI-5.7.2\lib\junit-platform-commons-1.9.2.jar;C:\Program Files\SmartBear\SoapUI-5.7.2\lib\junit-platform-engine-1.9.2.jar;C:\Program Files\SmartBear\SoapUI-5.7.2\lib\junit-platform-launcher-1.9.2.jar;C:\Program Files\SmartBear\SoapUI-5.7.2\lib\kotlin-stdlib-1.6.20.jar;C:\Program Files\SmartBear\SoapUI-5.7.2\lib\kotlin-stdlib-common-1.5.31.jar;C:\Program Files\SmartBear\SoapUI-5.7.2\lib\kotlin-stdlib-jdk7-1.6.10.jar;C:\Program Files\SmartBear\SoapUI-5.7.2\lib\kotlin-stdlib-jdk8-1.6.10.jar;C:\Program Files\SmartBear\SoapUI-5.7.2\lib\l2fprod-common-directorychooser-7.3.jar;C:\Program Files\SmartBear\SoapUI-5.7.2\lib\l2fprod-common-fontchooser-7.3.jar;C:\Program Files\SmartBear\SoapUI-5.7.2\lib\libphonenumber-8.0.0.jar;C:\Program Files\SmartBear\SoapUI-5.7.2\lib\log4j-api-2.17.1.jar;C:\Program Files\SmartBear\SoapUI-5.7.2\lib\log4j-core-2.17.1.jar;C:\Program Files\SmartBear\SoapUI-5.7.2\lib\log4j-slf4j-impl-2.17.1.jar;C:\Program Files\SmartBear\SoapUI-5.7.2\lib\logging-interceptor-4.10.0.jar;C:\Program Files\SmartBear\SoapUI-5.7.2\lib\looks-2.2.0.jar;C:\Program Files\SmartBear\SoapUI-5.7.2\lib\mail-1.4.jar;C:\Program Files\SmartBear\SoapUI-5.7.2\lib\mailapi-1.4.3.jar;C:\Program Files\SmartBear\SoapUI-5.7.2\lib\maven-plugin-api-2.0.jar;C:\Program Files\SmartBear\SoapUI-5.7.2\lib\miglayout-core-11.0.jar;C:\Program Files\SmartBear\SoapUI-5.7.2\lib\miglayout-swing-11.0.jar;C:\Program Files\SmartBear\SoapUI-5.7.2\lib\mimepull-1.9.11.jar;C:\Program Files\SmartBear\SoapUI-5.7.2\lib\mixpanel-java-1.4.4.jar;C:\Program Files\SmartBear\SoapUI-5.7.2\lib\msg-simple-1.1.jar;C:\Program Files\SmartBear\SoapUI-5.7.2\lib\nekohtml-1.9.14.jar;C:\Program Files\SmartBear\SoapUI-5.7.2\lib\not-going-to-be-commons-ssl-0.3.20.jar;C:\Program Files\SmartBear\SoapUI-5.7.2\lib\okhttp-4.10.0.jar;C:\Program Files\SmartBear\SoapUI-5.7.2\lib\okio-jvm-3.0.0.jar;C:\Program Files\SmartBear\SoapUI-5.7.2\lib\opensaml-2.5.1-1.jar;C:\Program Files\SmartBear\SoapUI-5.7.2\lib\opentest4j-1.2.0.jar;C:\Program Files\SmartBear\SoapUI-5.7.2\lib\openws-1.4.2-1.jar;C:\Program Files\SmartBear\SoapUI-5.7.2\lib\org.apache.oltu.oauth2.client-0.31.jar;C:\Program Files\SmartBear\SoapUI-5.7.2\lib\org.apache.oltu.oauth2.common-0.31.jar;C:\Program Files\SmartBear\SoapUI-5.7.2\lib\org.apache.oltu.oauth2.httpclient4-0.31.jar;C:\Program Files\SmartBear\SoapUI-5.7.2\lib\osgi-resource-locator-1.0.3.jar;C:\Program Files\SmartBear\SoapUI-5.7.2\lib\picocli-4.6.3.jar;C:\Program Files\SmartBear\SoapUI-5.7.2\lib\proxy-vole-20131209.jar;C:\Program Files\SmartBear\SoapUI-5.7.2\lib\qdox-1.12.1.jar;C:\Program Files\SmartBear\SoapUI-5.7.2\lib\reactive-streams-1.0.3.jar;C:\Program Files\SmartBear\SoapUI-5.7.2\lib\reflections-0.9.9-RC1.jar;C:\Program Files\SmartBear\SoapUI-5.7.2\lib\retrofit-2.9.0.jar;C:\Program Files\SmartBear\SoapUI-5.7.2\lib\retrofit-mock-2.9.0.jar;C:\Program Files\SmartBear\SoapUI-5.7.2\lib\rhino-1.7R4.jar;C:\Program Files\SmartBear\SoapUI-5.7.2\lib\rsyntaxtextarea-2.5.0.jar;C:\Program Files\SmartBear\SoapUI-5.7.2\lib\sac-1.3.jar;C:\Program Files\SmartBear\SoapUI-5.7.2\lib\saxon-9.1.0.8j.jar;C:\Program Files\SmartBear\SoapUI-5.7.2\lib\saxon-9.jar;C:\Program Files\SmartBear\SoapUI-5.7.2\lib\saxon-dom-9.1.0.8j.jar;C:\Program Files\SmartBear\SoapUI-5.7.2\lib\serializer-2.7.2.jar;C:\Program Files\SmartBear\SoapUI-5.7.2\lib\servlet-api-2.5-20081211.jar;C:\Program Files\SmartBear\SoapUI-5.7.2\lib\slf4j-api-1.7.25.jar;C:\Program Files\SmartBear\SoapUI-5.7.2\lib\slf4j-ext-1.7.22.jar;C:\Program Files\SmartBear\SoapUI-5.7.2\lib\snakeyaml-1.26.jar;C:\Program Files\SmartBear\SoapUI-5.7.2\lib\stax2-api-3.1.4.jar;C:\Program Files\SmartBear\SoapUI-5.7.2\lib\swagger-annotations-1.6.2.jar;C:\Program Files\SmartBear\SoapUI-5.7.2\lib\swagger-core-1.6.2.jar;C:\Program Files\SmartBear\SoapUI-5.7.2\lib\swagger-inflector-1.0.19.jar;C:\Program Files\SmartBear\SoapUI-5.7.2\lib\swagger-jaxrs-1.6.0.jar;C:\Program Files\SmartBear\SoapUI-5.7.2\lib\swagger-jersey2-jaxrs-1.6.0.jar;C:\Program Files\SmartBear\SoapUI-5.7.2\lib\swagger-models-1.6.2.jar;C:\Program Files\SmartBear\SoapUI-5.7.2\lib\swagger-parser-1.0.54.jar;C:\Program Files\SmartBear\SoapUI-5.7.2\lib\swingx-soapui.jar;C:\Program Files\SmartBear\SoapUI-5.7.2\lib\testng-7.5.jar;C:\Program Files\SmartBear\SoapUI-5.7.2\lib\uri-template-0.9.jar;C:\Program Files\SmartBear\SoapUI-5.7.2\lib\woodstox-core-5.0.3.jar;C:\Program Files\SmartBear\SoapUI-5.7.2\lib\ws-commons-util-1.0.2.jar;C:\Program Files\SmartBear\SoapUI-5.7.2\lib\wsdl4j-1.6.2-fixed.jar;C:\Program Files\SmartBear\SoapUI-5.7.2\lib\wss4j-1.6.17.jar;C:\Program Files\SmartBear\SoapUI-5.7.2\lib\xalan-2.7.2.jar;C:\Program Files\SmartBear\SoapUI-5.7.2\lib\xercesImpl-2.12.0.jar;C:\Program Files\SmartBear\SoapUI-5.7.2\lib\xml-apis-1.4.01.jar;C:\Program Files\SmartBear\SoapUI-5.7.2\lib\xml-apis-2.9.1.jar;C:\Program Files\SmartBear\SoapUI-5.7.2\lib\xmlbeans-3.1.1-sb-fixed.jar;C:\Program Files\SmartBear\SoapUI-5.7.2\lib\xmlbeans-xpath-2.6.0.jar;C:\Program Files\SmartBear\SoapUI-5.7.2\lib\xmlParserAPIs-2.6.2.jar;C:\Program Files\SmartBear\SoapUI-5.7.2\lib\xmlpull-1.1.3.1.jar;C:\Program Files\SmartBear\SoapUI-5.7.2\lib\xmlsec-2.1.7.jar;C:\Program Files\SmartBear\SoapUI-5.7.2\lib\xmltooling-1.3.2-1.jar;C:\Program Files\SmartBear\SoapUI-5.7.2\lib\xmlunit-1.2.jar;C:\Program Files\SmartBear\SoapUI-5.7.2\lib\xom-1.1.jar;C:\Program Files\SmartBear\SoapUI-5.7.2\lib\xpp3_min-1.1.4c.jar;C:\Program Files\SmartBear\SoapUI-5.7.2\lib\xstream-1.4.13.jar;C:\Users\dwija\Documents\eclipse-workspace\SOAPUITest\lib\jcommander-1.7.jar;C:\Users\dwija\.p2\pool\plugins\org.testng_7.4.0.r202105021533.jar;C:\Users\dwija\.p2\pool\plugins\com.beust.jcommander_1.78.0.jar;C:\Users\dwija\.p2\pool\plugins\org.apache-extras.beanshell.bsh_2.0.0.b6.jar;C:\Users\dwija\.p2\pool\plugins\org.yaml.snakeyaml_1.21.0.jar;C:\Users\dwija\.p2\pool\plugins\org.webjars.jquery_3.5.1.jar;C:\Program Files\SmartBear\SoapUI-5.7.2\bin\soapui-5.9.0.jar;C:\Program Files\SmartBear\SoapUI-5.7.2\lib\analytics-core-5.5.5.jar;C:\Program Files\SmartBear\SoapUI-5.7.2\lib\out-app-analytics-provider-5.5.5.jar"/><property name="sun.awt.enableExtraMouseButtons" value="true"/><property name="java.vm.vendor" value="Oracle Corporation"/><property name="sun.arch.data.model" value="64"/><property name="user.variant" value=""/><property name="java.vendor.url" value="https://java.oracle.com/"/><property name="user.timezone" value="America/New_York"/><property name="java.vm.specification.version" value="21"/><property name="os.name" value="Windows 11"/><property name="sun.java.launcher" value="SUN_STANDARD"/><property name="user.country" value="US"/><property name="sun.boot.library.path" value="C:\Program Files\Java\jdk-21\bin"/><property name="sun.java.command" value="soap1.CountryInfo1"/><property name="jdk.debug" value="release"/><property name="sun.cpu.endian" value="little"/><property name="user.home" value="C:\Users\dwija"/><property name="user.language" value="en"/><property name="java.specification.vendor" value="Oracle Corporation"/><property name="java.version.date" value="2025-04-15"/><property name="java.home" value="C:\Program Files\Java\jdk-21"/><property name="file.separator" value="\"/><property name="java.vm.compressedOopsMode" value="Zero based"/><property name="line.separator" value="
"/><property name="java.vm.specification.vendor" value="Oracle Corporation"/><property name="java.specification.name" value="Java Platform API Specification"/><property name="user.script" value=""/><property name="sun.management.compiler" value="HotSpot 64-Bit Tiered Compilers"/><property name="java.runtime.version" value="21.0.7+8-LTS-245"/><property name="user.name" value="dwija"/><property name="stdout.encoding" value="UTF-8"/><property name="path.separator" value=";"/><property name="os.version" value="10.0"/><property name="java.runtime.name" value="Java(TM) SE Runtime Environment"/><property name="file.encoding" value="UTF-8"/><property name="java.vm.name" value="Java HotSpot(TM) 64-Bit Server VM"/><property name="java.vendor.url.bug" value="https://bugreport.java.com/bugreport/"/><property name="java.io.tmpdir" value="C:\Users\dwija\AppData\Local\Temp\"/><property name="java.version" value="21.0.7"/><property name="user.dir" value="C:\Users\dwija\eclipse-workspace\SOAPUI API testing1"/><property name="os.arch" value="amd64"/><property name="java.vm.specification.name" value="Java Virtual Machine Specification"/><property name="sun.os.patch.level" value=""/><property name="native.encoding" value="Cp1252"/><property name="java.library.path" value="C:\Program Files\Java\jdk-21\bin;C:\WINDOWS\Sun\Java\bin;C:\WINDOWS\system32;C:\WINDOWS;C:/Users/dwija/.p2/pool/plugins/org.eclipse.justj.openjdk.hotspot.jre.full.win32.x86_64_21.0.2.v20240123-0840/jre/bin/server;C:/Users/dwija/.p2/pool/plugins/org.eclipse.justj.openjdk.hotspot.jre.full.win32.x86_64_21.0.2.v20240123-0840/jre/bin;C:\Program Files\Common Files\Oracle\Java\javapath;C:\WINDOWS\system32;C:\WINDOWS;C:\WINDOWS\System32\Wbem;C:\WINDOWS\System32\WindowsPowerShell\v1.0\;C:\WINDOWS\System32\OpenSSH\;C:\Program Files\dotnet\;C:\Users\dwija\Documents\Maven\apache-maven-3.8.1-bin\bin;C:\Program Files\nodejs\;C:\Users\dwija\AppData\Local\Android\Sdk\tools\bin;C:\Users\dwija\AppData\Local\Android\Sdk\tools;C:\Users\dwija\AppData\Local\Android\Sdk\platform-tools;C:\Program Files\nodejs\node_modules\npm\bin;C:\Users\dwija\Documents\axis2-1.6.2\axis2-1.6.2\bin;C:\Program Files\Java\jdk-21\bin;C:\Program Files\Git\cmd;C:\Program Files\MySQL\MySQL Shell 8.0\bin\;C:\Users\dwija\AppData\Local\Programs\Python\Python312\Scripts\;C:\Users\dwija\AppData\Local\Programs\Python\Python312\;C:\Users\dwija\AppData\Local\Microsoft\WindowsApps;C:\Users\dwija\AppData\Roaming\npm;C:\Program Files\JetBrains\PyCharm Community Edition 2023.3.3\bin;;C:\Users\dwija\AppData\Local\Programs\Microsoft VS Code\bin;;C:\WINDOWS\System32;;."/><property name="java.vm.info" value="mixed mode, sharing"/><property name="stderr.encoding" value="UTF-8"/><property name="java.vendor" value="Oracle Corporation"/><property name="java.vm.version" value="21.0.7+8-LTS-245"/><property name="sun.io.unicode.encoding" value="UnicodeLittle"/><property name="java.class.version" value="65.0"/></properties><testcase name="CapitalCity TC" time="0.381"/><testcase name="CountryFlag TC" time="0.774"/><testcase name="CountryISOCode TC" time="0.328"/><testcase name="CurrencyName TC" time="0.136"/><testcase name="FullCountryInfo TC" time="0.177"/><testcase name="LanguageName TC" time="0.135"/><testcase name="ListOfCurrenciesByName TC" time="0.338"/><testcase name="ListOfCountryNamesByCode TC" time="0.304"/><testcase name="ListOfContinentsByName TC" time="0.165"/></testsuite>