<?xml version="1.0" encoding="UTF-8"?>
<!-- Generated by org.testng.reporters.JUnitReportReporter -->
<testsuite hostname="DVYAS" failures="0" tests="1" name="rest1.RestAPI1" time="5.853" errors="0" timestamp="2025-07-21T13:52:26 EDT" skipped="0">
  <testcase classname="rest1.RestAPI1" name="soaptest" time="5.853"/>
  <system-out/>
</testsuite> <!-- rest1.RestAPI1 -->
