<?xml version="1.0" encoding="UTF-8"?>
<!-- Generated by org.testng.reporters.JUnitReportReporter -->
<testsuite hostname="DVYAS" failures="0" tests="1" name="rest1.RestProject2" time="7.236" errors="0" timestamp="2025-07-21T21:07:56 EDT" skipped="0">
  <testcase classname="rest1.RestProject2" name="soaptest" time="7.236"/>
  <system-out/>
</testsuite> <!-- rest1.RestProject2 -->
