<?xml version="1.0" encoding="UTF-8"?>
<!-- Generated by org.testng.reporters.JUnitReportReporter -->
<testsuite hostname="DVYAS" failures="0" tests="1" name="rest1.RestProject1" time="13.867" errors="0" timestamp="2025-07-21T20:41:26 EDT" skipped="0">
  <testcase classname="rest1.RestProject1" name="soaptest" time="13.867"/>
  <system-out/>
</testsuite> <!-- rest1.RestProject1 -->
