<?xml version="1.0" encoding="UTF-8"?>
<!-- Generated by org.testng.reporters.JUnitReportReporter -->
<testsuite hostname="DVYAS" failures="0" tests="1" name="soap1.CountryInfo" time="7.668" errors="0" timestamp="2025-07-21T15:23:48 EDT" skipped="0">
  <testcase classname="soap1.CountryInfo" name="countrySoap" time="7.668"/>
  <system-out/>
</testsuite> <!-- soap1.CountryInfo -->
