<?xml version="1.0" encoding="UTF-8"?>
<!-- Generated by org.testng.reporters.JUnitReportReporter -->
<testsuite hostname="DVYAS" failures="0" tests="2" name="soap1.SoapUI" time="7.750" errors="0" timestamp="2025-07-21T13:35:17 EDT" skipped="0">
  <testcase classname="soap1.SoapUI" name="soapTest" time="5.080"/>
  <system-out/>
  <testcase classname="soap1.SoapUI" name="soapTest1" time="2.670"/>
  <system-out/>
</testsuite> <!-- soap1.SoapUI -->
