<?xml version="1.0" encoding="UTF-8"?>
<!-- Generated by org.testng.reporters.JUnitReportReporter -->
<testsuite hostname="DVYAS" failures="0" tests="1" name="soap1.SoapAPI2" time="0.329" errors="0" timestamp="2025-06-21T18:33:43 EDT" skipped="0">
  <testcase classname="soap1.SoapAPI2" name="soaptest" time="0.329"/>
  <system-out/>
</testsuite> <!-- soap1.SoapAPI2 -->
