<?xml version="1.0" encoding="UTF-8"?>
<!-- Generated by org.testng.reporters.JUnitReportReporter -->
<testsuite hostname="DVYAS" failures="0" tests="1" name="soap1.SoapAPI1" time="12.707" errors="0" timestamp="2025-06-21T18:33:43 EDT" skipped="0">
  <testcase classname="soap1.SoapAPI1" name="soaptest" time="12.707"/>
  <system-out/>
</testsuite> <!-- soap1.SoapAPI1 -->
